<?xml version="1.0" encoding="UTF-8"?>
<testng-results skipped="0" failed="0" total="2" passed="2">
  <reporter-output>
  </reporter-output>
  <suite name="Default suite" duration-ms="43" started-at="2018-04-04T10:46:36Z" finished-at="2018-04-04T10:46:36Z">
    <groups>
    </groups>
    <test name="Default test" duration-ms="43" started-at="2018-04-04T10:46:36Z" finished-at="2018-04-04T10:46:36Z">
      <class name="com.littleapp.scripts.Test1">
        <test-method status="PASS" signature="suitemethod()[pri:0, instance:com.littleapp.scripts.Test1@457e2f02]" name="suitemethod" is-config="true" duration-ms="9" started-at="2018-04-04T16:16:36Z" finished-at="2018-04-04T16:16:36Z">
          <reporter-output>
          </reporter-output>
        </test-method> <!-- suitemethod -->
        <test-method status="PASS" signature="beforetestmethod()[pri:0, instance:com.littleapp.scripts.Test1@457e2f02]" name="beforetestmethod" is-config="true" duration-ms="0" started-at="2018-04-04T16:16:36Z" finished-at="2018-04-04T16:16:36Z">
          <reporter-output>
          </reporter-output>
        </test-method> <!-- beforetestmethod -->
        <test-method status="PASS" signature="beforclassmeth()[pri:0, instance:com.littleapp.scripts.Test1@457e2f02]" name="beforclassmeth" is-config="true" duration-ms="0" started-at="2018-04-04T16:16:36Z" finished-at="2018-04-04T16:16:36Z">
          <reporter-output>
          </reporter-output>
        </test-method> <!-- beforclassmeth -->
        <test-method status="PASS" signature="beforemeth()[pri:0, instance:com.littleapp.scripts.Test1@457e2f02]" name="beforemeth" is-config="true" duration-ms="0" started-at="2018-04-04T16:16:36Z" finished-at="2018-04-04T16:16:36Z">
          <reporter-output>
          </reporter-output>
        </test-method> <!-- beforemeth -->
        <test-method status="PASS" signature="test1()[pri:0, instance:com.littleapp.scripts.Test1@457e2f02]" name="test1" duration-ms="8" started-at="2018-04-04T16:16:36Z" finished-at="2018-04-04T16:16:36Z">
          <reporter-output>
          </reporter-output>
        </test-method> <!-- test1 -->
        <test-method status="PASS" signature="aftermethod()[pri:0, instance:com.littleapp.scripts.Test1@457e2f02]" name="aftermethod" is-config="true" duration-ms="0" started-at="2018-04-04T16:16:36Z" finished-at="2018-04-04T16:16:36Z">
          <reporter-output>
          </reporter-output>
        </test-method> <!-- aftermethod -->
        <test-method status="PASS" signature="test2()[pri:0, instance:com.littleapp.scripts.Test1@457e2f02]" name="test2" duration-ms="1" started-at="2018-04-04T16:16:36Z" finished-at="2018-04-04T16:16:36Z">
          <reporter-output>
          </reporter-output>
        </test-method> <!-- test2 -->
        <test-method status="PASS" signature="beforemeth()[pri:0, instance:com.littleapp.scripts.Test1@457e2f02]" name="beforemeth" is-config="true" duration-ms="0" started-at="2018-04-04T16:16:36Z" finished-at="2018-04-04T16:16:36Z">
          <reporter-output>
          </reporter-output>
        </test-method> <!-- beforemeth -->
        <test-method status="PASS" signature="aftermethod()[pri:0, instance:com.littleapp.scripts.Test1@457e2f02]" name="aftermethod" is-config="true" duration-ms="0" started-at="2018-04-04T16:16:36Z" finished-at="2018-04-04T16:16:36Z">
          <reporter-output>
          </reporter-output>
        </test-method> <!-- aftermethod -->
        <test-method status="PASS" signature="afterclassmeth()[pri:0, instance:com.littleapp.scripts.Test1@457e2f02]" name="afterclassmeth" is-config="true" duration-ms="1" started-at="2018-04-04T16:16:36Z" finished-at="2018-04-04T16:16:36Z">
          <reporter-output>
          </reporter-output>
        </test-method> <!-- afterclassmeth -->
        <test-method status="PASS" signature="aftertestmethod()[pri:0, instance:com.littleapp.scripts.Test1@457e2f02]" name="aftertestmethod" is-config="true" duration-ms="0" started-at="2018-04-04T16:16:36Z" finished-at="2018-04-04T16:16:36Z">
          <reporter-output>
          </reporter-output>
        </test-method> <!-- aftertestmethod -->
        <test-method status="PASS" signature="asuitemethod()[pri:0, instance:com.littleapp.scripts.Test1@457e2f02]" name="asuitemethod" is-config="true" duration-ms="1" started-at="2018-04-04T16:16:37Z" finished-at="2018-04-04T16:16:37Z">
          <reporter-output>
          </reporter-output>
        </test-method> <!-- asuitemethod -->
      </class> <!-- com.littleapp.scripts.Test1 -->
    </test> <!-- Default test -->
  </suite> <!-- Default suite -->
</testng-results>
